 1195  exit
 1196  passwd
 1197  ls
 1198  exit
 1199  passwd
 1200  exit
 1201  passwd
 1202  sudo
 1203  micro /etc/sudoers
 1204  exit
 1205  sudo micro /etc/sudoers
 1206  ls
 1207  cd ~
 1208  ls
 1209  ls -h
 1210  ls -a
 1211  groups pmarkus
 1212  cd .ssh
 1213  ls
 1214  cd repos
 1215  cd ..
 1216  ls
 1217  mkdir newtest
 1218  git clone https://github.com/markuspeitl/data-vault-collector newtest
 1219  git clone https://github.com/markuspeitl/arch-luks-btrfs
 1220  cd arch-luks-btrfs
 1221  mkdir logs
 1222  ls .git
 1223  cp -rap /home/logs/* logs
 1224  cp -rap /home/log/* logs
 1225  sudo cp -rap /home/log/* logs
 1226  ls
 1227  git add -A
 1228  ls
 1229  cd logs
 1230  ls
 1231  cat systemloader
 1232  cd systemloader/
 1233  exit
 1234  ls
 1235  cd ~
 1236  ls
 1237  ls -l
 1238  ls -l | less
 1239  cd repos
 1240  ls -l | less
 1241  cd ..
 1242  ls
 1243  cd ..
 1244  ls
 1245  cd log
 1246  ls
 1247  cd ~/arch-luks-btrfs
 1248  ls
 1249  tree
 1250  sudo tree
 1251  chown pmakurs -R logs
 1252  chown pmarkus -R logs
 1253  sudo chown pmarkus -R logs
 1254  ls
 1255  sudo cp /efi .
 1256  sudo cp -r /efi .
 1257  sudo cp -r /boot .
 1258  mkdir -p /etc
 1259  mkdir -p etc
 1260  cp /etc/fstab etc
 1261  ls
 1262  sudo chown pmarkus -R .
 1263  ls
 1264  tree
 1265  tree | less
 1266  history > history.log
