 1196  passwd
 1197  ls
 1198  exit
 1199  passwd
 1200  exit
 1201  passwd
 1202  sudo
 1203  micro /etc/sudoers
 1204  exit
 1205  sudo micro /etc/sudoers
 1206  ls
 1207  cd ~
 1208  ls
 1209  ls -h
 1210  ls -a
 1211  groups pmarkus
 1212  cd .ssh
 1213  ls
 1214  cd repos
 1215  cd ..
 1216  ls
 1217  mkdir newtest
 1218  git clone https://github.com/markuspeitl/data-vault-collector newtest
 1219  git clone https://github.com/markuspeitl/arch-luks-btrfs
 1220  cd arch-luks-btrfs
 1221  mkdir logs
 1222  ls .git
 1223  cp -rap /home/logs/* logs
 1224  cp -rap /home/log/* logs
 1225  sudo cp -rap /home/log/* logs
 1226  ls
 1227  git add -A
 1228  ls
 1229  cd logs
 1230  ls
 1231  cat systemloader
 1232  cd systemloader/
 1233  exit
 1234  ls
 1235  cd ~
 1236  ls
 1237  ls -l
 1238  ls -l | less
 1239  cd repos
 1240  ls -l | less
 1241  cd ..
 1242  ls
 1243  cd ..
 1244  ls
 1245  cd log
 1246  ls
 1247  cd ~/arch-luks-btrfs
 1248  ls
 1249  tree
 1250  sudo tree
 1251  chown pmakurs -R logs
 1252  chown pmarkus -R logs
 1253  sudo chown pmarkus -R logs
 1254  ls
 1255  sudo cp /efi .
 1256  sudo cp -r /efi .
 1257  sudo cp -r /boot .
 1258  mkdir -p /etc
 1259  mkdir -p etc
 1260  cp /etc/fstab etc
 1261  ls
 1262  sudo chown pmarkus -R .
 1263  ls
 1264  tree
 1265  tree | less
 1266  history > history.log
 1267  rm -f boot/vmlinu*
 1268  rm -f efi/vmlinu*
 1269  rm -f boot/initram*
 1270  rm -f efi/initram*
 1271  find . -iname "*-seed" | xargs -I {} rm {}
 1272  tree
 1273  find . -path "EFI"
 1274  find . -path "*/EFI"
 1275  find . -path "*/EFI" | xargs -I{} rm -r {}
 1276  tree
 1277  find . -iname "*.img" | xargs -I {} rm {}
 1278  tree
 1279  ls
 1280  tree boot
 1281  tree efi
 1282  find . -iname "keys" | xargs -I {} rm {}
 1283  sudo tree
 1284  find . -iname "keys" | xargs -I {} rm -f {}
 1285  find . -iname "keys" | xargs -I {} rm -rf {}
 1286  tree
 1287  ls .git
 1288  git add -A
 1289  git commit -am "Add efi and boot config"
 1290  fstabc
 1291  set_sshs
 1292  pacman -S openssh
 1293  sudo pacman -S openssh
 1294  set_sshs
 1295  eval `ssh-agent`
 1296  set_sshs
 1297  gps
 1298  sudo pacman -S libsecret
 1299  set_sshs
 1300  gps
 1301  sudo pacman -S libsecret-dev
 1302  sudo pacman -S libsecret-1-0
 1303  gps
 1304  ssh github.com
 1305  git push
 1306  sshc
 1307  gps
 1308  set_sshs
 1309  killall ssh-agent
 1310  set_sshs
 1311  ssh-agent &
 1312  set_sshs
 1313  killall ssh-agent
 1314  git remote -v
 1315  eval `ssh-agent`
 1316  ssh-add ~/.ssh/markus_git_rsa
 1317  git remote -v
 1318  git remote set-url origin git@github.com:markuspeitl/arch-luks-btrfs.git
 1319  gps
 1320  sudo -i
 1321  sudo cp /etc/mkinit* etc
 1322  sudo cp -ra /etc/mkinit* etc
 1323  ls
 1324  git status
 1325  git add -A
 1326  git commit -am "Add mkinitcpio.conf and root log"
 1327  gps
 1328  md5 /efi/loader
 1329  pacman -S md5
 1330  sudo pacman -S md5
 1331  shasum /efi/loader
 1332  shasum /efi/loader/entries/arch.conf
 1333  shasum /boot/loader/entries/arch.conf
 1334  shasum /boot/loader/entries/arch.conf
 1335  sha512sum /efi/loader/entries/arch.conf
 1336  sha512sum /boot/loader/entries/arch.conf
 1337  ls /boot
 1338  sudo -i
 1339  cd ~
 1340  ls
 1341  cd arch-luks-btrfs
 1342  eval `ssh-agent`
 1343  set_sshs
 1344  ls
 1345  cp /etc/fstab etc/fstab
 1346  mkdir deprecated
 1347  mv boot deprecated/
 1348  mv efi deprecated/
 1349  ls
 1350  cp -rap /boot boot
 1351  cp -rap /efi boot
 1352  history > boot/working.log
 1353  ls
 1354  rm -rf boot
 1355  cp -rap /boot boot
 1356  cp -rap /efi efi
 1357  history > boot/working.log
